<?xml version="1.0" encoding="UTF-8"?>
<testsuite xmlns:xsi="http://www.w3.org/2001/XMLSchema-instance" xsi:noNamespaceSchemaLocation="https://maven.apache.org/surefire/maven-surefire-plugin/xsd/surefire-test-report.xsd" version="3.0.2" name="Login Functionality" time="26.61" tests="5" errors="0" skipped="0" failures="0">
  <properties>
[...]
</properties>
  <testcase name="Login with valid credentials" classname="Login Functionality" time="7.826">
    <system-out><![CDATA[
@all
Scenario Outline: Login with valid credentials                                       &amp#27;[90m# src/test/resourcess/features/Login.feature:14&amp#27;[0m
  &amp#27;[32mGiven &amp#27;[0m&amp#27;[32mUser has navigated to login page&amp#27;[0m                                             &amp#27;[90m# stepdefinitions.Login.User_has_navigated_to_login_page()&amp#27;[0m
  &amp#27;[32mWhen &amp#27;[0m&amp#27;[32mUser enters valid email address &amp#27;[0m&amp#27;[32m&amp#27;[1mkshitizgupta.edu12@gmail.com&amp#27;[0m&amp#27;[32m into email feild&amp#27;[0m &amp#27;[90m# stepdefinitions.Login.User_enters_valid_email_address_into_email_feild(java.lang.String)&amp#27;[0m
  &amp#27;[32mAnd &amp#27;[0m&amp#27;[32mUser has entered valid password &amp#27;[0m&amp#27;[32m&amp#27;[1m12345&amp#27;[0m&amp#27;[32m into password feild&amp#27;[0m                      &amp#27;[90m# stepdefinitions.Login.User_has_entered_valid_password_into_password_feild(java.lang.String)&amp#27;[0m
  &amp#27;[32mAnd &amp#27;[0m&amp#27;[32mUser clicks on Login button&amp#27;[0m                                                    &amp#27;[90m# stepdefinitions.Login.User_clicks_on_Login_button()&amp#27;[0m
  &amp#27;[32mThen &amp#27;[0m&amp#27;[32mUser should get successfully logged in&amp#27;[0m                                        &amp#27;[90m# stepdefinitions.Login.User_should_get_successfully_logged_in()&amp#27;[0m
]]></system-out>
  </testcase>
  <testcase name="Login with invalid credentials" classname="Login Functionality" time="6.57">
    <system-out><![CDATA[
@all
Scenario Outline: Login with invalid credentials                                        &amp#27;[90m# src/test/resourcess/features/Login.feature:23&amp#27;[0m
  &amp#27;[32mGiven &amp#27;[0m&amp#27;[32mUser has navigated to login page&amp#27;[0m                                                &amp#27;[90m# stepdefinitions.Login.User_has_navigated_to_login_page()&amp#27;[0m
  &amp#27;[32mWhen &amp#27;[0m&amp#27;[32mUser enters invalid email address &amp#27;[0m&amp#27;[32m&amp#27;[1mer.kshitizgupta.edu@gmail.com&amp#27;[0m&amp#27;[32m into email feild&amp#27;[0m &amp#27;[90m# stepdefinitions.Login.User_enters_invalid_email_address_into_email_feild(java.lang.String)&amp#27;[0m
  &amp#27;[32mAnd &amp#27;[0m&amp#27;[32mUser enters invalid password &amp#27;[0m&amp#27;[32m&amp#27;[1m1234567&amp#27;[0m&amp#27;[32m into password feild&amp#27;[0m                          &amp#27;[90m# stepdefinitions.Login.User_enters_invalid_password_into_password_feild(java.lang.String)&amp#27;[0m
  &amp#27;[32mAnd &amp#27;[0m&amp#27;[32mUser clicks on Login button&amp#27;[0m                                                       &amp#27;[90m# stepdefinitions.Login.User_clicks_on_Login_button()&amp#27;[0m
  &amp#27;[32mThen &amp#27;[0m&amp#27;[32mUser should get a proper warning message about credentails mismatch&amp#27;[0m              &amp#27;[90m# stepdefinitions.Login.User_should_get_a_proper_warning_message_about_credentails_mismatch()&amp#27;[0m
]]></system-out>
  </testcase>
  <testcase name="Login with valid email and invalid password" classname="Login Functionality" time="4.212">
    <system-out><![CDATA[
@all
Scenario Outline: Login with valid email and invalid password                      &amp#27;[90m# src/test/resourcess/features/Login.feature:33&amp#27;[0m
  &amp#27;[32mGiven &amp#27;[0m&amp#27;[32mUser has navigated to login page&amp#27;[0m                                           &amp#27;[90m# stepdefinitions.Login.User_has_navigated_to_login_page()&amp#27;[0m
  &amp#27;[32mWhen &amp#27;[0m&amp#27;[32mUser enters valid email address &amp#27;[0m&amp#27;[32m&amp#27;[1mkshitizgupta.edu@gmail.com&amp#27;[0m&amp#27;[32m into email feild&amp#27;[0m &amp#27;[90m# stepdefinitions.Login.User_enters_valid_email_address_into_email_feild(java.lang.String)&amp#27;[0m
  &amp#27;[32mAnd &amp#27;[0m&amp#27;[32mUser enters invalid password &amp#27;[0m&amp#27;[32m&amp#27;[1m1234567&amp#27;[0m&amp#27;[32m into password feild&amp#27;[0m                     &amp#27;[90m# stepdefinitions.Login.User_enters_invalid_password_into_password_feild(java.lang.String)&amp#27;[0m
  &amp#27;[32mAnd &amp#27;[0m&amp#27;[32mUser clicks on Login button&amp#27;[0m                                                  &amp#27;[90m# stepdefinitions.Login.User_clicks_on_Login_button()&amp#27;[0m
  &amp#27;[32mThen &amp#27;[0m&amp#27;[32mUser should get a proper warning message about credentails mismatch&amp#27;[0m         &amp#27;[90m# stepdefinitions.Login.User_should_get_a_proper_warning_message_about_credentails_mismatch()&amp#27;[0m
]]></system-out>
  </testcase>
  <testcase name="Login with invalid email and valid password" classname="Login Functionality" time="4.122">
    <system-out><![CDATA[
@all
Scenario Outline: Login with invalid email and valid password                           &amp#27;[90m# src/test/resourcess/features/Login.feature:43&amp#27;[0m
  &amp#27;[32mGiven &amp#27;[0m&amp#27;[32mUser has navigated to login page&amp#27;[0m                                                &amp#27;[90m# stepdefinitions.Login.User_has_navigated_to_login_page()&amp#27;[0m
  &amp#27;[32mWhen &amp#27;[0m&amp#27;[32mUser enters invalid email address &amp#27;[0m&amp#27;[32m&amp#27;[1mer.kshitizgupta.edu@gmail.com&amp#27;[0m&amp#27;[32m into email feild&amp#27;[0m &amp#27;[90m# stepdefinitions.Login.User_enters_invalid_email_address_into_email_feild(java.lang.String)&amp#27;[0m
  &amp#27;[32mAnd &amp#27;[0m&amp#27;[32mUser has entered valid password &amp#27;[0m&amp#27;[32m&amp#27;[1m12345&amp#27;[0m&amp#27;[32m into password feild&amp#27;[0m                         &amp#27;[90m# stepdefinitions.Login.User_has_entered_valid_password_into_password_feild(java.lang.String)&amp#27;[0m
  &amp#27;[32mAnd &amp#27;[0m&amp#27;[32mUser clicks on Login button&amp#27;[0m                                                       &amp#27;[90m# stepdefinitions.Login.User_clicks_on_Login_button()&amp#27;[0m
  &amp#27;[32mThen &amp#27;[0m&amp#27;[32mUser should get a proper warning message about credentails mismatch&amp#27;[0m              &amp#27;[90m# stepdefinitions.Login.User_should_get_a_proper_warning_message_about_credentails_mismatch()&amp#27;[0m
]]></system-out>
  </testcase>
  <testcase name="Login without providing any credentials" classname="Login Functionality" time="3.879">
    <system-out><![CDATA[
@all
Scenario: Login without providing any credentials                          &amp#27;[90m# src/test/resourcess/features/Login.feature:46&amp#27;[0m
  &amp#27;[32mGiven &amp#27;[0m&amp#27;[32mUser has navigated to login page&amp#27;[0m                                   &amp#27;[90m# stepdefinitions.Login.User_has_navigated_to_login_page()&amp#27;[0m
  &amp#27;[32mWhen &amp#27;[0m&amp#27;[32mUser dont enter email address into email feild&amp#27;[0m                      &amp#27;[90m# stepdefinitions.Login.User_dont_enter_email_address_into_email_feild()&amp#27;[0m
  &amp#27;[32mAnd &amp#27;[0m&amp#27;[32mUser dont enter password into password feild&amp#27;[0m                         &amp#27;[90m# stepdefinitions.Login.User_dont_enter_password_into_password_feild()&amp#27;[0m
  &amp#27;[32mAnd &amp#27;[0m&amp#27;[32mUser clicks on Login button&amp#27;[0m                                          &amp#27;[90m# stepdefinitions.Login.User_clicks_on_Login_button()&amp#27;[0m
  &amp#27;[32mThen &amp#27;[0m&amp#27;[32mUser should get a proper warning message about credentails mismatch&amp#27;[0m &amp#27;[90m# stepdefinitions.Login.User_should_get_a_proper_warning_message_about_credentails_mismatch()&amp#27;[0m
]]></system-out>
  </testcase>
</testsuite>