<?xml version="1.0" encoding="UTF-8"?>
<testsuite xmlns:xsi="http://www.w3.org/2001/XMLSchema-instance" xsi:noNamespaceSchemaLocation="https://maven.apache.org/surefire/maven-surefire-plugin/xsd/surefire-test-report.xsd" version="3.0.2" name="Search functionality" time="14.069" tests="3" errors="0" skipped="0" failures="0">
  <properties>
[...]
</properties>
  <testcase name="User searches for a valid product" classname="Search functionality" time="4.956">
    <system-out><![CDATA[
@all
Scenario Outline: User searches for a valid product             &amp#27;[90m# src/test/resourcess/features/Search.feature:14&amp#27;[0m
  &amp#27;[32mGiven &amp#27;[0m&amp#27;[32mUser opens the Application&amp#27;[0m                              &amp#27;[90m# stepdefinitions.Search.User_opens_the_Application()&amp#27;[0m
  &amp#27;[32mWhen &amp#27;[0m&amp#27;[32mUser enters valid product &amp#27;[0m&amp#27;[32m&amp#27;[1mHP&amp#27;[0m&amp#27;[32m into Search box feild&amp#27;[0m       &amp#27;[90m# stepdefinitions.Search.User_enters_valid_product_into_Search_box_feild(java.lang.String)&amp#27;[0m
  &amp#27;[32mAnd &amp#27;[0m&amp#27;[32mUser clicks on Search button&amp#27;[0m                              &amp#27;[90m# stepdefinitions.Search.User_clicks_on_Search_button()&amp#27;[0m
  &amp#27;[32mThen &amp#27;[0m&amp#27;[32mUser should get valid product displayed in search result&amp#27;[0m &amp#27;[90m# stepdefinitions.Search.User_should_get_valid_product_displayed_in_search_result()&amp#27;[0m
]]></system-out>
  </testcase>
  <testcase name="User searches for a invalid product" classname="Search functionality" time="4.622">
    <system-out><![CDATA[
@all
Scenario Outline: User searches for a invalid product          &amp#27;[90m# src/test/resourcess/features/Search.feature:23&amp#27;[0m
  &amp#27;[32mGiven &amp#27;[0m&amp#27;[32mUser opens the Application&amp#27;[0m                             &amp#27;[90m# stepdefinitions.Search.User_opens_the_Application()&amp#27;[0m
  &amp#27;[32mWhen &amp#27;[0m&amp#27;[32mUser enters invalid product &amp#27;[0m&amp#27;[32m&amp#27;[1mHonda&amp#27;[0m&amp#27;[32m into Search box feild&amp#27;[0m &amp#27;[90m# stepdefinitions.Search.User_enters_invalid_product_into_Search_box_feild(java.lang.String)&amp#27;[0m
  &amp#27;[32mAnd &amp#27;[0m&amp#27;[32mUser clicks on Search button&amp#27;[0m                             &amp#27;[90m# stepdefinitions.Search.User_clicks_on_Search_button()&amp#27;[0m
  &amp#27;[32mThen &amp#27;[0m&amp#27;[32mUser should get a message about no product matching&amp#27;[0m     &amp#27;[90m# stepdefinitions.Search.User_should_get_a_message_about_no_product_matching()&amp#27;[0m
]]></system-out>
  </testcase>
  <testcase name="User searches without any product" classname="Search functionality" time="4.491">
    <system-out><![CDATA[
@all
Scenario: User searches without any product                  &amp#27;[90m# src/test/resourcess/features/Search.feature:26&amp#27;[0m
  &amp#27;[32mGiven &amp#27;[0m&amp#27;[32mUser opens the Application&amp#27;[0m                           &amp#27;[90m# stepdefinitions.Search.User_opens_the_Application()&amp#27;[0m
  &amp#27;[32mWhen &amp#27;[0m&amp#27;[32mUser dont enter any product name into Seach box feild&amp#27;[0m &amp#27;[90m# stepdefinitions.Search.User_dont_enter_any_product_name_into_Seach_box_feild()&amp#27;[0m
  &amp#27;[32mAnd &amp#27;[0m&amp#27;[32mUser clicks on Search button&amp#27;[0m                           &amp#27;[90m# stepdefinitions.Search.User_clicks_on_Search_button()&amp#27;[0m
  &amp#27;[32mThen &amp#27;[0m&amp#27;[32mUser should get a message about no product matching&amp#27;[0m   &amp#27;[90m# stepdefinitions.Search.User_should_get_a_message_about_no_product_matching()&amp#27;[0m
]]></system-out>
  </testcase>
</testsuite>